[    0.000000] Initializing cgroup subsys cpuset
[    0.000000] Initializing cgroup subsys cpu
[    0.000000] Initializing cgroup subsys cpuacct
[    0.000000] Linux version 4.4.0-210-generic (buildd@lgw01-amd64-009) (gcc version 5.4.0 20160609 (Ubuntu 5.4.0-6ubuntu1~16.04.12) ) #242-Ubuntu SMP Fri Apr 16 09:57:56 UTC 2021 (Ubuntu 4.4.0-210.242-generic 4.4.262)
[    0.000000] Command line: BOOT_IMAGE=/boot/vmlinuz-4.4.0-210-generic root=LABEL=cloudimg-rootfs ro console=tty1 console=ttyS0
[    0.000000] KERNEL supported cpus:
[    0.000000]   Intel GenuineIntel
[    0.000000]   AMD AuthenticAMD
[    0.000000]   Centaur CentaurHauls
[    0.000000] [Firmware Bug]: TSC doesn't count with P0 frequency!
[    0.000000] x86/fpu: Legacy x87 FPU detected.
[    0.000000] e820: BIOS-provided physical RAM map:
[    0.000000] BIOS-e820: [mem 0x0000000000000000-0x000000000009fbff] usable
[    0.000000] BIOS-e820: [mem 0x000000000009fc00-0x000000000009ffff] reserved
[    0.000000] BIOS-e820: [mem 0x00000000000f0000-0x00000000000fffff] reserved
[    0.000000] BIOS-e820: [mem 0x0000000000100000-0x000000003ffeffff] usable
[    0.000000] BIOS-e820: [mem 0x000000003fff0000-0x000000003fffffff] ACPI data
[    0.000000] BIOS-e820: [mem 0x00000000fec00000-0x00000000fec00fff] reserved
[    0.000000] BIOS-e820: [mem 0x00000000fee00000-0x00000000fee00fff] reserved
[    0.000000] BIOS-e820: [mem 0x00000000fffc0000-0x00000000ffffffff] reserved
[    0.000000] NX (Execute Disable) protection: active
[    0.000000] SMBIOS 2.5 present.
[    0.000000] Hypervisor detected: KVM
[    0.000000] Kernel/User page tables isolation: disabled
[    0.000000] e820: last_pfn = 0x3fff0 max_arch_pfn = 0x400000000
[    0.000000] x86/PAT: Configuration [0-7]: WB  WC  UC- UC  WB  WC  UC- WT  
[    0.000000] CPU MTRRs all blank - virtualized system.
[    0.000000] found SMP MP-table at [mem 0x0009fbf0-0x0009fbff] mapped at [ffff88000009fbf0]
[    0.000000] Scanning 1 areas for low memory corruption
[    0.000000] RAMDISK: [mem 0x362dc000-0x37165fff]
[    0.000000] ACPI: Early table checksum verification disabled
[    0.000000] ACPI: RSDP 0x00000000000E0000 000024 (v02 VBOX  )
[    0.000000] ACPI: XSDT 0x000000003FFF0030 00003C (v01 VBOX   VBOXXSDT 00000001 ASL  00000061)
[    0.000000] ACPI: FACP 0x000000003FFF00F0 0000F4 (v04 VBOX   VBOXFACP 00000001 ASL  00000061)
[    0.000000] ACPI: DSDT 0x000000003FFF0610 002353 (v02 VBOX   VBOXBIOS 00000002 INTL 20100528)
[    0.000000] ACPI: FACS 0x000000003FFF0200 000040
[    0.000000] ACPI: FACS 0x000000003FFF0200 000040
[    0.000000] ACPI: APIC 0x000000003FFF0240 000054 (v02 VBOX   VBOXAPIC 00000001 ASL  00000061)
[    0.000000] ACPI: SSDT 0x000000003FFF02A0 00036C (v01 VBOX   VBOXCPUT 00000002 INTL 20100528)
[    0.000000] No NUMA configuration found
[    0.000000] Faking a node at [mem 0x0000000000000000-0x000000003ffeffff]
[    0.000000] NODE_DATA(0) allocated [mem 0x3ffeb000-0x3ffeffff]
[    0.000000] kvm-clock: Using msrs 4b564d01 and 4b564d00
[    0.000000] kvm-clock: cpu 0, msr 0:3ffe3001, primary cpu clock
[    0.000000] kvm-clock: using sched offset of 3131037792 cycles
[    0.000000] clocksource: kvm-clock: mask: 0xffffffffffffffff max_cycles: 0x1cd42e4dffb, max_idle_ns: 881590591483 ns
[    0.000000] Zone ranges:
[    0.000000]   DMA      [mem 0x0000000000001000-0x0000000000ffffff]
[    0.000000]   DMA32    [mem 0x0000000001000000-0x000000003ffeffff]
[    0.000000]   Normal   empty
[    0.000000]   Device   empty
[    0.000000] Movable zone start for each node
[    0.000000] Early memory node ranges
[    0.000000]   node   0: [mem 0x0000000000001000-0x000000000009efff]
[    0.000000]   node   0: [mem 0x0000000000100000-0x000000003ffeffff]
[    0.000000] Initmem setup node 0 [mem 0x0000000000001000-0x000000003ffeffff]
[    0.000000] ACPI: PM-Timer IO Port: 0x4008
[    0.000000] IOAPIC[0]: apic_id 1, version 32, address 0xfec00000, GSI 0-23
[    0.000000] ACPI: INT_SRC_OVR (bus 0 bus_irq 0 global_irq 2 dfl dfl)
[    0.000000] ACPI: INT_SRC_OVR (bus 0 bus_irq 9 global_irq 9 low level)
[    0.000000] Using ACPI (MADT) for SMP configuration information
[    0.000000] smpboot: Allowing 1 CPUs, 0 hotplug CPUs
[    0.000000] PM: Registered nosave memory: [mem 0x00000000-0x00000fff]
[    0.000000] PM: Registered nosave memory: [mem 0x0009f000-0x0009ffff]
[    0.000000] PM: Registered nosave memory: [mem 0x000a0000-0x000effff]
[    0.000000] PM: Registered nosave memory: [mem 0x000f0000-0x000fffff]
[    0.000000] e820: [mem 0x40000000-0xfebfffff] available for PCI devices
[    0.000000] Booting paravirtualized kernel on KVM
[    0.000000] clocksource: refined-jiffies: mask: 0xffffffff max_cycles: 0xffffffff, max_idle_ns: 7645519600211568 ns
[    0.000000] setup_percpu: NR_CPUS:512 nr_cpumask_bits:512 nr_cpu_ids:1 nr_node_ids:1
[    0.000000] PERCPU: Embedded 33 pages/cpu @ffff88003fc00000 s95192 r8192 d31784 u2097152
[    0.000000] Built 1 zonelists in Node order, mobility grouping on.  Total pages: 257912
[    0.000000] Policy zone: DMA32
[    0.000000] Kernel command line: BOOT_IMAGE=/boot/vmlinuz-4.4.0-210-generic root=LABEL=cloudimg-rootfs ro console=tty1 console=ttyS0
[    0.000000] PID hash table entries: 4096 (order: 3, 32768 bytes)
[    0.000000] Memory: 997924K/1048120K available (8644K kernel code, 1332K rwdata, 4044K rodata, 1492K init, 1164K bss, 50196K reserved, 0K cma-reserved)
[    0.000000] SLUB: HWalign=64, Order=0-3, MinObjects=0, CPUs=1, Nodes=1
[    0.000000] Hierarchical RCU implementation.
[    0.000000] 	Build-time adjustment of leaf fanout to 64.
[    0.000000] 	RCU restricting CPUs from NR_CPUS=512 to nr_cpu_ids=1.
[    0.000000] RCU: Adjusting geometry for rcu_fanout_leaf=64, nr_cpu_ids=1
[    0.000000] NR_IRQS:33024 nr_irqs:256 16
[    0.000000] Console: colour VGA+ 80x25
[    0.000000] console [tty1] enabled
[    0.000000] console [ttyS0] enabled
[    0.000000] tsc: Detected 3500.038 MHz processor
[    0.272380] Calibrating delay loop (skipped) preset value.. 7000.07 BogoMIPS (lpj=14000152)
[    0.277852] pid_max: default: 32768 minimum: 301
[    0.279850] ACPI: Core revision 20150930
[    0.283212] ACPI: 2 ACPI AML tables successfully acquired and loaded
[    0.287170] Security Framework initialized
[    0.288999] Yama: becoming mindful.
[    0.290575] AppArmor: AppArmor initialized
[    0.292532] Dentry cache hash table entries: 131072 (order: 8, 1048576 bytes)
[    0.300174] Inode-cache hash table entries: 65536 (order: 7, 524288 bytes)
[    0.305637] Mount-cache hash table entries: 2048 (order: 2, 16384 bytes)
[    0.312062] Mountpoint-cache hash table entries: 2048 (order: 2, 16384 bytes)
[    0.318191] Initializing cgroup subsys io
[    0.319971] Initializing cgroup subsys memory
[    0.321964] Initializing cgroup subsys devices
[    0.323887] Initializing cgroup subsys freezer
[    0.325869] Initializing cgroup subsys net_cls
[    0.327885] Initializing cgroup subsys perf_event
[    0.330074] Initializing cgroup subsys net_prio
[    0.332031] Initializing cgroup subsys hugetlb
[    0.333964] Initializing cgroup subsys pids
[    0.336221] CPU0: Hyper-Threading is disabled
[    0.338277] mce: CPU supports 0 MCE banks
[    0.340086] Last level iTLB entries: 4KB 512, 2MB 512, 4MB 256
[    0.342565] Last level dTLB entries: 4KB 2048, 2MB 2048, 4MB 1024, 1GB 0
[    0.345254] Spectre V1 : Mitigation: usercopy/swapgs barriers and __user pointer sanitization
[    0.352903] Spectre V2 : Spectre mitigation: LFENCE not serializing, switching to generic retpoline
[    0.359463] Spectre V2 : Mitigation: Full generic retpoline
[    0.361873] Spectre V2 : Spectre v2 / SpectreRSB mitigation: Filling RSB on context switch
[    0.491960] Freeing SMP alternatives memory: 36K
[    0.554622] ftrace: allocating 32380 entries in 127 pages
[    0.963561] smpboot: APIC(0) Converting physical 0 to logical package 0
[    0.966856] smpboot: Max logical packages: 1
[    0.975698] ..TIMER: vector=0x30 apic1=0 pin1=2 apic2=-1 pin2=-1
[    1.087083] smpboot: CPU0: AMD Ryzen 5 5600 6-Core Processor (family: 0x19, model: 0x21, stepping: 0x2)
[    1.092544] Performance Events: Broken PMU hardware detected, using software events only.
[    1.096351] Failed to access perfctr msr (MSR c0010007 is 0)
[    1.157820] KVM setup paravirtual spinlock
[    1.160590] x86: Booted up 1 node, 1 CPUs
[    1.162264] smpboot: Total of 1 processors activated (7000.07 BogoMIPS)
[    1.166283] devtmpfs: initialized
[    1.168995] evm: security.selinux
[    1.170604] evm: security.SMACK64
[    1.171989] evm: security.SMACK64EXEC
[    1.173536] evm: security.SMACK64TRANSMUTE
[    1.175285] evm: security.SMACK64MMAP
[    1.176798] evm: security.ima
[    1.178112] evm: security.capability
[    1.180554] clocksource: jiffies: mask: 0xffffffff max_cycles: 0xffffffff, max_idle_ns: 7645041785100000 ns
[    1.184619] futex hash table entries: 256 (order: 2, 16384 bytes)
[    1.187432] pinctrl core: initialized pinctrl subsystem
[    1.189790] RTC time: 16:09:15, date: 12/11/24
[    1.191998] NET: Registered protocol family 16
[    1.194195] cpuidle: using governor ladder
[    1.195942] cpuidle: using governor menu
[    1.197759] PCCT header not found.
[    1.200523] ACPI: bus type PCI registered
[    1.202269] acpiphp: ACPI Hot Plug PCI Controller Driver version: 0.5
[    1.205128] PCI: Using configuration type 1 for base access
[    1.207752] PCI: Using configuration type 1 for extended access
[    1.211974] ACPI: Added _OSI(Module Device)
[    1.213789] ACPI: Added _OSI(Processor Device)
[    1.215730] ACPI: Added _OSI(3.0 _SCP Extensions)
[    1.217624] ACPI: Added _OSI(Processor Aggregator Device)
[    1.220489] ACPI: Executed 1 blocks of module-level executable AML code
[    1.226263] ACPI: Interpreter enabled
[    1.227817] ACPI: (supports S0 S5)
[    1.229258] ACPI: Using IOAPIC for interrupt routing
[    1.231558] PCI: Using host bridge windows from ACPI; if necessary, use "pci=nocrs" and report a bug
[    1.239477] ACPI: PCI Root Bridge [PCI0] (domain 0000 [bus 00-ff])
[    1.241971] acpi PNP0A03:00: _OSC: OS supports [ExtendedConfig ASPM ClockPM Segments MSI]
[    1.246449] acpi PNP0A03:00: _OSC: platform does not support [PCIeCapability]
[    1.249728] acpi PNP0A03:00: _OSC: not requesting control; platform does not support [PCIeCapability]
[    1.253514] acpi PNP0A03:00: _OSC: OS requested [PCIeHotplug PME AER PCIeCapability]
[    1.256736] acpi PNP0A03:00: _OSC: platform willing to grant [PCIeHotplug PME AER]
[    1.259808] acpi PNP0A03:00: _OSC failed (AE_SUPPORT); disabling ASPM
[    1.262755] PCI host bridge to bus 0000:00
[    1.264413] pci_bus 0000:00: root bus resource [io  0x0000-0x0cf7 window]
[    1.267536] pci_bus 0000:00: root bus resource [io  0x0d00-0xffff window]
[    1.270272] pci_bus 0000:00: root bus resource [mem 0x000a0000-0x000bffff window]
[    1.273256] pci_bus 0000:00: root bus resource [mem 0x40000000-0xfdffffff window]
[    1.276316] pci_bus 0000:00: root bus resource [bus 00-ff]
[    1.281540] pci 0000:00:01.1: legacy IDE quirk: reg 0x10: [io  0x01f0-0x01f7]
[    1.284413] pci 0000:00:01.1: legacy IDE quirk: reg 0x14: [io  0x03f6]
[    1.287212] pci 0000:00:01.1: legacy IDE quirk: reg 0x18: [io  0x0170-0x0177]
[    1.290035] pci 0000:00:01.1: legacy IDE quirk: reg 0x1c: [io  0x0376]
[    1.303270] pci 0000:00:07.0: quirk: [io  0x4000-0x403f] claimed by PIIX4 ACPI
[    1.306500] pci 0000:00:07.0: quirk: [io  0x4100-0x410f] claimed by PIIX4 SMB
[    1.323055] ACPI: PCI Interrupt Link [LNKA] (IRQs 5 9 10 *11)
[    1.326703] ACPI: PCI Interrupt Link [LNKB] (IRQs 5 9 *10 11)
[    1.330084] ACPI: PCI Interrupt Link [LNKC] (IRQs 5 *9 10 11)
[    1.333405] ACPI: PCI Interrupt Link [LNKD] (IRQs 5 9 10 *11)
[    1.336750] ACPI: Enabled 2 GPEs in block 00 to 07
[    1.339150] vgaarb: setting as boot device: PCI:0000:00:02.0
[    1.341644] vgaarb: device added: PCI:0000:00:02.0,decodes=io+mem,owns=io+mem,locks=none
[    1.344958] vgaarb: loaded
[    1.346099] vgaarb: bridge control possible 0000:00:02.0
[    1.348763] SCSI subsystem initialized
[    1.350388] ACPI: bus type USB registered
[    1.352089] usbcore: registered new interface driver usbfs
[    1.354273] usbcore: registered new interface driver hub
[    1.356483] usbcore: registered new device driver usb
[    1.358701] PCI: Using ACPI for IRQ routing
[    1.360927] NetLabel: Initializing
[    1.362407] NetLabel:  domain hash size = 128
[    1.364395] NetLabel:  protocols = UNLABELED CIPSOv4
[    1.366441] NetLabel:  unlabeled traffic allowed by default
[    1.368858] amd_nb: Cannot enumerate AMD northbridges
[    1.371023] clocksource: Switched to clocksource kvm-clock
[    1.387488] AppArmor: AppArmor Filesystem Enabled
[    1.389847] pnp: PnP ACPI init
[    1.392115] pnp: PnP ACPI: found 3 devices
[    1.400091] clocksource: acpi_pm: mask: 0xffffff max_cycles: 0xffffff, max_idle_ns: 2085701024 ns
[    1.403767] NET: Registered protocol family 2
[    1.405808] TCP established hash table entries: 8192 (order: 4, 65536 bytes)
[    1.408794] TCP bind hash table entries: 8192 (order: 5, 131072 bytes)
[    1.411955] TCP: Hash tables configured (established 8192 bind 8192)
[    1.414915] UDP hash table entries: 512 (order: 2, 16384 bytes)
[    1.417453] UDP-Lite hash table entries: 512 (order: 2, 16384 bytes)
[    1.420252] NET: Registered protocol family 1
[    1.422082] pci 0000:00:00.0: Limiting direct PCI/PCI transfers
[    1.424597] pci 0000:00:01.0: Activating ISA DMA hang workarounds
[    1.427344] Unpacking initramfs...
[    1.630827] Freeing initrd memory: 14888K
[    1.632705] clocksource: tsc: mask: 0xffffffffffffffff max_cycles: 0x327374e5ac1, max_idle_ns: 440795235636 ns
[    1.637082] platform rtc_cmos: registered platform RTC device (no PNP device found)
[    1.640337] Scanning for low memory corruption every 60 seconds
[    1.643068] audit: initializing netlink subsys (disabled)
[    1.645413] audit: type=2000 audit(1733933359.424:1): initialized
[    1.648136] Initialise system trusted keyring
[    1.650146] HugeTLB registered 2 MB page size, pre-allocated 0 pages
[    1.653894] zbud: loaded
[    1.655379] VFS: Disk quotas dquot_6.6.0
[    1.657256] VFS: Dquot-cache hash table entries: 512 (order 0, 4096 bytes)
[    1.660317] squashfs: version 4.0 (2009/01/31) Phillip Lougher
[    1.662984] fuse init (API version 7.23)
[    1.665025] Key type big_key registered
[    1.666631] Allocating IMA MOK and blacklist keyrings.
[    1.669743] Key type asymmetric registered
[    1.671506] Asymmetric key parser 'x509' registered
[    1.673589] Block layer SCSI generic (bsg) driver version 0.4 loaded (major 249)
[    1.676784] io scheduler noop registered
[    1.678643] io scheduler deadline registered (default)
[    1.680860] io scheduler cfq registered
[    1.682542] pci_hotplug: PCI Hot Plug PCI Core version: 0.5
[    1.685048] pciehp: PCI Express Hot Plug Controller Driver version: 0.4
[    1.687845] ACPI: AC Adapter [AC] (on-line)
[    1.689605] input: Power Button as /devices/LNXSYSTM:00/LNXPWRBN:00/input/input0
[    1.692650] ACPI: Power Button [PWRF]
[    1.694262] input: Sleep Button as /devices/LNXSYSTM:00/LNXSLPBN:00/input/input1
[    1.697306] ACPI: Sleep Button [SLPF]
[    1.699303] GHES: HEST is not enabled!
[    1.700983] Serial: 8250/16550 driver, 32 ports, IRQ sharing enabled
[    1.727057] 00:02: ttyS0 at I/O 0x3f8 (irq = 4, base_baud = 115200) is a 16550A
[    1.731979] Linux agpgart interface v0.103
[    1.736446] loop: module loaded
[    1.739758] scsi host0: ata_piix
[    1.741322] scsi host1: ata_piix
[    1.742739] ata1: PATA max UDMA/33 cmd 0x1f0 ctl 0x3f6 bmdma 0xd000 irq 14
[    1.745567] ata2: PATA max UDMA/33 cmd 0x170 ctl 0x376 bmdma 0xd008 irq 15
[    1.749353] libphy: Fixed MDIO Bus: probed
[    1.751277] tun: Universal TUN/TAP device driver, 1.6
[    1.753287] tun: (C) 1999-2004 Max Krasnyansky <maxk@qualcomm.com>
[    1.755814] PPP generic driver version 2.4.2
[    1.757610] ehci_hcd: USB 2.0 'Enhanced' Host Controller (EHCI) Driver
[    1.760362] ehci-pci: EHCI PCI platform driver
[    1.762350] ehci-platform: EHCI generic platform driver
[    1.764631] ohci_hcd: USB 1.1 'Open' Host Controller (OHCI) Driver
[    1.767217] ohci-pci: OHCI PCI platform driver
[    1.769047] ohci-platform: OHCI generic platform driver
[    1.771231] uhci_hcd: USB Universal Host Controller Interface driver
[    1.773778] i8042: PNP: PS/2 Controller [PNP0303:PS2K,PNP0f03:PS2M] at 0x60,0x64 irq 1,12
[    1.778714] serio: i8042 KBD port at 0x60,0x64 irq 1
[    1.781183] serio: i8042 AUX port at 0x60,0x64 irq 12
[    1.783433] mousedev: PS/2 mouse device common for all mice
[    1.786456] input: AT Translated Set 2 keyboard as /devices/platform/i8042/serio0/input/input2
[    1.790815] rtc_cmos rtc_cmos: rtc core: registered rtc_cmos as rtc0
[    1.794023] rtc_cmos rtc_cmos: alarms up to one day, 114 bytes nvram
[    1.796649] i2c /dev entries driver
[    1.798161] device-mapper: uevent: version 1.0.3
[    1.800416] device-mapper: ioctl: 4.34.0-ioctl (2015-10-28) initialised: dm-devel@redhat.com
[    1.803989] ledtrig-cpu: registered to indicate activity on CPUs
[    1.806683] NET: Registered protocol family 10
[    1.808802] NET: Registered protocol family 17
[    1.810631] Key type dns_resolver registered
[    1.812685] registered taskstats version 1
[    1.814394] Loading compiled-in X.509 certificates
[    1.816765] Loaded X.509 cert 'Build time autogenerated kernel key: cf00e047681d67edb2720680708b7d9498083038'
[    1.820905] zswap: loaded using pool lzo/zbud
[    1.824193] Key type trusted registered
[    1.828240] Key type encrypted registered
[    1.829972] AppArmor: AppArmor sha1 policy hashing enabled
[    1.832362] ima: No TPM chip found, activating TPM-bypass!
[    1.834595] ima: Allocated hash algorithm: sha1
[    1.836736] evm: HMAC attrs: 0x1
[    1.838420]   Magic number: 4:178:186
[    1.840300] rtc_cmos rtc_cmos: setting system clock to 2024-12-11 16:09:15 UTC (1733933355)
[    1.843660] BIOS EDD facility v0.16 2004-Jun-25, 0 devices found
[    1.846032] EDD information not available.
[    1.940502] Freeing unused kernel memory: 1492K
[    1.942483] Write protecting the kernel read-only data: 14336k
[    1.945723] Freeing unused kernel memory: 1584K
[    1.947961] Freeing unused kernel memory: 52K
Loading, please wait...
starting version 229
[    1.961532] random: udevadm: uninitialized urandom read (16 bytes read, 3 bits of entropy available)
[    1.966299] random: systemd-udevd: uninitialized urandom read (16 bytes read, 3 bits of entropy available)
[    1.970644] random: systemd-udevd: uninitialized urandom read (16 bytes read, 3 bits of entropy available)
[    1.975143] random: udevadm: uninitialized urandom read (16 bytes read, 3 bits of entropy available)
[    1.979229] random: systemd-udevd: uninitialized urandom read (16 bytes read, 3 bits of entropy available)
[    1.990778] random: systemd-udevd: uninitialized urandom read (16 bytes read, 3 bits of entropy available)
[    1.995848] random: udevadm: uninitialized urandom read (16 bytes read, 3 bits of entropy available)
[    2.000081] random: systemd-udevd: uninitialized urandom read (16 bytes read, 3 bits of entropy available)
[    2.004059] random: udevadm: uninitialized urandom read (16 bytes read, 3 bits of entropy available)
[    2.007970] random: systemd-udevd: uninitialized urandom read (16 bytes read, 3 bits of entropy available)
[    2.064667] Fusion MPT base driver 3.04.20
[    2.066469] Copyright (c) 1999-2008 LSI Corporation
[    2.076551] e1000: Intel(R) PRO/1000 Network Driver - version 7.3.21-k8-NAPI
[    2.079710] e1000: Copyright (c) 1999-2006 Intel Corporation.
[    2.105173] SSE version of gcm_enc/dec engaged.
[    2.111438] Fusion MPT SPI Host driver 3.04.20
[    2.327541] input: ImExPS/2 Generic Explorer Mouse as /devices/platform/i8042/serio1/input/input4
[    2.591735] e1000 0000:00:03.0 eth0: (PCI:33MHz:32-bit) 02:be:82:6b:cc:1d
[    2.594911] e1000 0000:00:03.0 eth0: Intel(R) PRO/1000 Network Connection
[    2.599609] mptbase: ioc0: Initiating bringup
[    2.672144] ioc0: LSI53C1030 A0: Capabilities={Initiator}
[    2.840148] scsi host2: ioc0: LSI53C1030 A0, FwRev=00000000h, Ports=1, MaxQ=256, IRQ=20
[    2.956963] scsi 2:0:0:0: Direct-Access     VBOX     HARDDISK         1.0  PQ: 0 ANSI: 5
[    2.960255] scsi target2:0:0: Beginning Domain Validation
[    2.965192] scsi target2:0:0: Domain Validation skipping write tests
[    2.967744] scsi target2:0:0: Ending Domain Validation
[    2.969980] scsi target2:0:0: asynchronous
[    2.973156] scsi 2:0:1:0: Direct-Access     VBOX     HARDDISK         1.0  PQ: 0 ANSI: 5
[    2.976559] scsi target2:0:1: Beginning Domain Validation
[    2.981864] scsi target2:0:1: Domain Validation skipping write tests
[    2.984541] scsi target2:0:1: Ending Domain Validation
[    2.992571] scsi target2:0:1: asynchronous
[    3.128290] sd 2:0:0:0: Attached scsi generic sg0 type 0
[    3.130652] sd 2:0:0:0: [sda] 83886080 512-byte logical blocks: (42.9 GB/40.0 GiB)
[    3.136051] sd 2:0:1:0: [sdb] 20480 512-byte logical blocks: (10.5 MB/10.0 MiB)
[    3.139582] sd 2:0:1:0: Attached scsi generic sg1 type 0
[    3.149408] sd 2:0:1:0: [sdb] Write Protect is off
[    3.151893] sd 2:0:1:0: [sdb] Incomplete mode parameter data
[    3.154222] sd 2:0:1:0: [sdb] Assuming drive cache: write through
[    3.157337] sd 2:0:0:0: [sda] Write Protect is off
[    3.165559] sd 2:0:0:0: [sda] Incomplete mode parameter data
[    3.168080] sd 2:0:0:0: [sda] Assuming drive cache: write through
[    3.178728]  sda: sda1
[    3.182015] sd 2:0:1:0: [sdb] Attached SCSI disk
[    3.184809] sd 2:0:0:0: [sda] Attached SCSI disk
[    3.490885] e1000 0000:00:08.0 eth1: (PCI:33MHz:32-bit) 08:00:27:d0:0b:fe
[    3.493804] e1000 0000:00:08.0 eth1: Intel(R) PRO/1000 Network Connection
[    3.497561] e1000 0000:00:08.0 enp0s8: renamed from eth1
[    3.501347] e1000 0000:00:03.0 enp0s3: renamed from eth0
Begin: Loading essential drivers ... [    4.712020] md: linear personality registered for level -1
[    4.716447] md: multipath personality registered for level -4
[    4.720381] md: raid0 personality registered for level 0
[    4.727451] md: raid1 personality registered for level 1
[    4.799145] raid6: sse2x1   gen()  8037 MB/s
[    4.871200] raid6: sse2x1   xor() 12774 MB/s
[    4.943082] raid6: sse2x2   gen() 15597 MB/s
[    5.015194] raid6: sse2x2   xor() 16998 MB/s
[    5.087064] raid6: sse2x4   gen() 20602 MB/s
[    5.159110] raid6: sse2x4   xor() 12206 MB/s
[    5.161154] raid6: using algorithm sse2x4 gen() 20602 MB/s
[    5.163481] raid6: .... xor() 12206 MB/s, rmw enabled
[    5.165622] raid6: using ssse3x2 recovery algorithm
[    5.169165] xor: measuring software checksum speed
[    5.272428]    prefetch64-sse: 52080.000 MB/sec
[    5.375559]    generic_sse: 50668.000 MB/sec
[    5.377654] xor: using function: prefetch64-sse (52080.000 MB/sec)
[    5.381466] async_tx: api initialized (async)
[    5.401183] md: raid6 personality registered for level 6
[    5.403412] md: raid5 personality registered for level 5
[    5.405538] md: raid4 personality registered for level 4
[    5.415783] md: raid10 personality registered for level 10
done.
Begin: Running /scripts/init-premount ... done.
Begin: Mounting root file system ... Begin: Running /scripts/local-top ... done.
Begin: Running /scripts/local-premount ... [    5.470732] Btrfs loaded
Scanning for Btrfs filesystems
done.
Warning: fsck not present, so skipping root file system
[    5.500135] EXT4-fs (sda1): mounted filesystem with ordered data mode. Opts: (null)
done.
Begin: Running /scripts/local-bottom ... done.
Begin: Running /scripts/init-bottom ... done.
[    5.588387] systemd[1]: systemd 229 running in system mode. (+PAM +AUDIT +SELINUX +IMA +APPARMOR +SMACK +SYSVINIT +UTMP +LIBCRYPTSETUP +GCRYPT +GNUTLS +ACL +XZ -LZ4 +SECCOMP +BLKID +ELFUTILS +KMOD -IDN)
[    5.595460] systemd[1]: Detected virtualization oracle.
[    5.597585] systemd[1]: Detected architecture x86-64.

Welcome to [1mUbuntu 16.04.7 LTS[0m!

[    5.605300] systemd[1]: Set hostname to <ubuntu>.
[    5.610460] systemd[1]: Initializing machine ID from random generator.
[    5.613182] systemd[1]: Installed transient /etc/machine-id file.
[    5.734827] systemd[1]: Reached target Swap.
[[0;32m  OK  [0m] Reached target Swap.
[    5.739411] systemd[1]: Listening on Syslog Socket.
[[0;32m  OK  [0m] Listening on Syslog Socket.
[    5.743892] systemd[1]: Listening on Journal Socket (/dev/log).
[[0;32m  OK  [0m] Listening on Journal Socket (/dev/log).
[    5.749031] systemd[1]: Created slice System Slice.
[[0;32m  OK  [0m] Created slice System Slice.
[    5.753652] systemd[1]: Created slice User and Session Slice.
[[0;32m  OK  [0m] Created slice User and Session Slice.
[    5.758741] systemd[1]: Set up automount Arbitrary Executable File Formats File System Automount Point.
[[0;32m  OK  [0m] Set up automount Arbitrary Executab...ats File System Automount Point.
[    5.765689] systemd[1]: Started Trigger resolvconf update for networkd DNS.
[[0;32m  OK  [0m] Started Trigger resolvconf update for networkd DNS.
[    5.771300] systemd[1]: Reached target User and Group Name Lookups.
[[0;32m  OK  [0m] Reached target User and Group Name Lookups.
[    5.776464] systemd[1]: Listening on udev Control Socket.
[[0;32m  OK  [0m] Listening on udev Control Socket.
[    5.781403] systemd[1]: Reached target Encrypted Volumes.
[[0;32m  OK  [0m] Reached target Encrypted Volumes.
[    5.786163] systemd[1]: Listening on udev Kernel Socket.
[[0;32m  OK  [0m] Listening on udev Kernel Socket.
[    5.791389] systemd[1]: Listening on Journal Audit Socket.
[[0;32m  OK  [0m] Listening on Journal Audit Socket.
[    5.796233] systemd[1]: Listening on Device-mapper event daemon FIFOs.
[[0;32m  OK  [0m] Listening on Device-mapper event daemon FIFOs.
[    5.801683] systemd[1]: Listening on LVM2 poll daemon socket.
[[0;32m  OK  [0m] Listening on LVM2 poll daemon socket.
[    5.806615] systemd[1]: Reached target System Time Synchronized.
[[0;32m  OK  [0m] Reached target System Time Synchronized.
[    5.811723] systemd[1]: Listening on LVM2 metadata daemon socket.
[[0;32m  OK  [0m] Listening on LVM2 metadata daemon socket.
[    5.816919] systemd[1]: Created slice system-serial\x2dgetty.slice.
[[0;32m  OK  [0m] Created slice system-serial\x2dgetty.slice.
[    5.822322] systemd[1]: Reached target Slices.
[[0;32m  OK  [0m] Reached target Slices.
[    5.826647] systemd[1]: Listening on Journal Socket.
[[0;32m  OK  [0m] Listening on Journal Socket.
[    5.832481] systemd[1]: Starting Load Kernel Modules...
         Starting Load Kernel Modules...
[    5.842282] systemd[1]: Starting Create list of required static device nodes for the current kernel...
         Starting Create list of required st... nodes for the current kernel...[    5.855691] Loading iSCSI transport class v2.0-870.

[    5.858967] systemd[1]: Starting Uncomplicated firewall...
         Starting Uncomplicated firewall...
[    5.869363] iscsi: registered transport (tcp)
[    5.871997] systemd[1]: Mounting POSIX Message Queue File System...
         Mounting POSIX Message Queue File System...
[    5.880551] systemd[1]: Starting Journal Service...
         Starting Journal Service...
[    5.896061] systemd[1]: Starting Monitoring of LVM2 mirrors, snapshots etc. using dmeventd or progress polling...
         Starting Monitoring of LVM2 mirrors... dmeventd or progress polling...
[    5.910246] systemd[1]: Starting Nameserver information manager...
         Starting Nameserver information manager...
[    5.922024] systemd[1]: Mounting Debug File System...
         Mounting Debug File System...
[    5.933465] systemd[1]: Starting Set console keymap...
         Starting Set console keymap...
[    5.945337] systemd[1]: Mounting Huge Pages File System...
         Mounting Huge Pages File System...
[    5.954545] systemd[1]: Listening on /dev/initctl Compatibility Named Pipe.
[[0;32m  OK  [0m] Listening on /dev/initctl Compatibility Named Pipe.
[    5.973431] systemd[1]: Listening on fsck to fsckd communication Socket.
[[0;32m  OK  [0m] Listening on fsck to fsckd communication Socket.
[    5.980062] systemd[1]: Starting File System Check on Root Device...
[    5.983573] random: nonblocking pool is initialized
         Starting File System Check on Root Device...
[    5.989814] systemd[1]: Started Forward Password Requests to Wall Directory Watch.
[[0;32m  OK  [0m] Started Forward Password Requests to Wall Directory Watch.
[    6.002834] systemd[1]: Mounted Huge Pages File System.
[[0;32m  OK  [0m] Mounted Huge Pages File System.
[    6.012129] systemd[1]: Mounted POSIX Message Queue File System.
[[0;32m  OK  [0m] Mounted POSIX Message Queue File System.
[    6.021494] iscsi: registered transport (iser)
[    6.023787] systemd[1]: Mounted Debug File System.
[[0;32m  OK  [0m] Mounted Debug File System.
[    6.028975] systemd[1]: Started Journal Service.
[[0;32m  OK  [0m] Started Journal Service.
[[0;32m  OK  [0m] Started Load Kernel Modules.
[[0;32m  OK  [0m] Started Create list of required sta...ce nodes for the current kernel.
[[0;32m  OK  [0m] Started Uncomplicated firewall.
[[0;32m  OK  [0m] Started Set console keymap.
[[0;32m  OK  [0m] Started File System Check on Root Device.
[[0;32m  OK  [0m] Started Nameserver information manager.
[[0;32m  OK  [0m] Started File System Check Daemon to report status.
[[0;32m  OK  [0m] Started LVM2 metadata daemon.
         Starting Remount Root and Kernel File Systems...
         Starting Create Static Device Nodes in /dev...
[    6.096993] EXT4-fs (sda1): re-mounted. Opts: (null)
         Mounting FUSE Control File System...
         Starting Apply Kernel Variables...
[[0;32m  OK  [0m] Mounted FUSE Control File System.
[[0;32m  OK  [0m] Started Remount Root and Kernel File Systems.
[[0;32m  OK  [0m] Started Create Static Device Nodes in /dev.
[[0;32m  OK  [0m] Started Apply Kernel Variables.
         Starting udev Kernel Device Manager...
         Starting Flush Journal to Persistent Storage...
         Starting udev Coldplug all Devices...
         Starting Load/Save Random Seed...
[[0;32m  OK  [0m] Started Load/Save Random Seed.
[[0;32m  OK  [0m] Started Flush Journal to Persistent Storage.
[[0;32m  OK  [0m] Started udev Kernel Device Manager.
[[0;32m  OK  [0m] Started udev Coldplug all Devices.
[[0;32m  OK  [0m] Started Dispatch Password Requests to Console Directory Watch.
[[0;32m  OK  [0m] Found device /dev/ttyS0.
[[0;32m  OK  [0m] Listening on Load/Save RF Kill Switch Status /dev/rfkill Watch.
[[0;32m  OK  [0m] Started Monitoring of LVM2 mirrors,...ng dmeventd or progress polling.
[[0;32m  OK  [0m] Reached target Local File Systems (Pre).
[[0;32m  OK  [0m] Reached target Local File Systems.
         Starting Tell Plymouth To Write Out Runtime Data...
         Starting Set console font and keymap...
         Starting LSB: AppArmor initialization...
         Starting Initial cloud-init job (pre-networking)...
         Starting Commit a transient machine-id on disk...
         Starting Create Volatile Files and Directories...
[[0;32m  OK  [0m] Started Tell Plymouth To Write Out Runtime Data.
[[0;32m  OK  [0m] Started Commit a transient machine-id on disk.
[[0;32m  OK  [0m] Started Create Volatile Files and Directories.
         Starting Update UTMP about System Boot/Shutdown...
[[0;32m  OK  [0m] Started Update UTMP about System Boot/Shutdown.
[[0;32m  OK  [0m] Started Set console font and keymap.
[[0;32m  OK  [0m] Created slice system-getty.slice.
[    7.313605] cloud-init[632]: Cloud-init v. 21.1-19-gbad84ad4-0ubuntu1~16.04.2 running 'init-local' at Wed, 11 Dec 2024 16:09:21 +0000. Up 6.97 seconds.
[[0;32m  OK  [0m] Started Initial cloud-init job (pre-networking).
[[0;32m  OK  [0m] Reached target Network (Pre).
[[0;32m  OK  [0m] Started LSB: AppArmor initialization.
         Starting Load AppArmor profiles managed internally by snapd...
         Starting Raise network interfaces...
[[0;32m  OK  [0m] Started Load AppArmor profiles managed internally by snapd.
[[0;32m  OK  [0m] Started Raise network interfaces.
[[0;32m  OK  [0m] Reached target Network.
         Starting Initial cloud-init job (metadata service crawler)...
[    7.983933] cloud-init[964]: Cloud-init v. 21.1-19-gbad84ad4-0ubuntu1~16.04.2 running 'init' at Wed, 11 Dec 2024 16:09:22 +0000. Up 7.70 seconds.
[    7.993387] cloud-init[964]: ci-info: ++++++++++++++++++++++++++++++++++++++Net device info+++++++++++++++++++++++++++++++++++++++
[    7.997147] cloud-init[964]: ci-info: +--------+-------+----------------------------+---------------+--------+-------------------+
[    8.015086] cloud-init[964]: ci-info: | Device |   Up  |          Address           |      Mask     | Scope  |     Hw-Address    |
[    8.019159] cloud-init[964]: ci-info: +--------+-------+----------------------------+---------------+--------+-------------------+
[    8.022603] cloud-init[964]: ci-info: | enp0s3 |  True |         10.0.2.15          | 255.255.255.0 | global | 02:be:82:6b:cc:1d |
[    8.026065] cloud-init[964]: ci-info: | enp0s3 |  True | fe80::be:82ff:fe6b:cc1d/64 |       .       |  link  | 02:be:82:6b:cc:1d |[[0;32m  OK  [0m] Started Initial cloud-init job (metadata service crawler).

[    8.032571] cloud-init[964]: ci-info: | enp0s8 | False |             .              |       .       |   .    | 08:00:27:d0:0b:fe |
[    8.035360] cloud-init[[0;32m  OK  [0m] Reached target Cloud-config availability.
[[0;32m  OK  [0m] Reached target System Initialization.
[[0;32m  OK  [0m] Listening on ACPID Listen Socket.
[[0;32m  OK  [0m] Started Daily Cleanup of Temporary Directories.[964]: ci-info: |   lo   |  True |         127.0.0.1          |   255.0.0.0   |  host  |         .         |
[    8.046542] cloud-init[964]: ci-info: |   lo   |  True |          ::1/128           |       .       |  host  |         .         |
         Starting Socket activation for snappy daemon.
[[0;32m  OK  [0m] Started Daily apt download activities.
[    8.052935] cloud-init[964]: ci-info: +--------+-------+----------------------------+---------------+--------+-------------------+
[    8.055773] 
[[0;32m  OK  [0m] Listening on UUID daemon activation socket.
cloud-init[964]: ci-info: +++++++++++++++++++++++++++Route IPv4 info++++++++++++++++++++++++++++         Starting LXD - unix socket.
[[0;32m  OK  [0m] Started Message of the Day.
[[0;32m  OK  [0m
[    8.064554] cloud-init[964]: ci-info: +-------+-------------+----------+---------------+-----------+-------+
[    8.066892] cloud-init[964]: ci-info: | Route | Destination | Gateway  |    Genmask    | Interface | Flags |] Listening on D-Bus System Message Bus Socket.

[    8.071331] [[0;32m  OK  [0m] Started ACPI Events Check.
[[0;32m  OK  [0m] Reached target Paths.
cloud-init[964]: ci-info: +-------+-------------+----------+---------------+-----------+-------+
[    8.078208] cloud-init[964]: ci-info: |   0   |   0.0.0.0   | 10.0.2.2 |    0.0.0.0    |   enp0s3  |   UG  |[[0;32m  OK  [0m] Started Ubuntu Advantage update messaging.
[[0;32m  OK  [0m] Started Daily apt upgrade and clean activities.

[    8.084726] cloud-init[964]: ci-info: |   1   |   10.0.2.0  | 0.0.0.0  | 255.255.255.0 |   enp0s3  |   U   |
[    8.087065] cloud-init[964]: [[0;32m  OK  [0m] Reached target Timers.
[[0;32m  OK  [0m] Reached target Network is Online.
         ci-info: +-------+-------------+----------+---------------+-----------+-------+
[    8.093644] cloud-init[964]: ci-info: +++++++++++++++++++Route IPv6 info+++++++++++++++++++
[    8.095774] Starting iSCSI initiator daemon (iscsid)...
[[0;32m  OK  [0m] Listening on Socket activation for snappy daemon.
[[0;32m  OK  [0mcloud-init[964]: ci-info: +-------+-------------+---------+-----------+-------+
[    8.102173] cloud-init[964]: ci-info: | Route | Destination | Gateway | Interface | Flags |
] Listening on LXD - unix socket.
[[0;32m  OK  [0m] Reached target Sockets.
[[    8.108772] cloud-init[964]: [0;32m  OK  [0m] ci-info: +-------+-------------+---------+-----------+-------+Reached target Basic System.
         Starting System Logging Service...
[    8.117275] cloud-init[964]: ci-info: |   0   |  fe80::/64  |    ::   |   enp0s3  |   U   |
         Starting LSB: Record successful boot for GRUB...

[[0;32m  OK  [0m] Started ACPI event daemon.
[    8.140630] cloud-init[964]: ci-info: |   3   |   ff00::/8  |    ::   |   enp0s3  |   U   |
         Starting Snap Daemon...
         Starting LXD - container startup/shutdown...
[[0;32m  OK  [0m] Started D-Bus System Message Bus.
[    8.147177] cloud-init[964]: ci-info: +-------+-------------+---------+-----------+-------+
[    8.178195] cloud-init[964]: Generating public/private rsa key pair.
[    8.190117] cloud-init[964]: Your identification has been saved in /etc/ssh/ssh_host_rsa_key.
[[0;32m  OK  [0m] Started Regular background program processing daemon.
         Starting Login Service...
[[0;32m  OK  [0m] Started FUSE filesystem for LXC.
         Starting Virtualbox guest utils...
         Starting /etc/rc.local Compatibility...
[    8.198586] cloud-init         Starting LSB: MD monitoring daemon...
[[0;32m  OK  [0m] Started Deferred execution scheduler.
         Starting Pollinate to seed the pseudo random number generator...
         Starting Accounts Service...
[[0;32m  OK  [0m] Started System Logging Service.
[[0;32m  OK  [0m] Started /etc/rc.local Compatibility.
[[0;32m  OK  [0m] Started iSCSI initiator daemon (iscsid).
         Starting Login to default iSCSI targets...
[[0;32m  OK  [0m] Started Login Service.
[[0;32m  OK  [0m] Started Unattended Upgrades Shutdown.
[964]: Your public key has been saved in /etc/ssh/ssh_host_rsa_key.pub.
[[0;32m  OK  [0m] Started LSB: Record successful boot for GRUB.
[[0;32m  OK  [0m] Started Login to default iSCSI targets.
[[0;32m  OK  [0m] Reached target Remote File Systems (Pre).
[[0;32m  OK  [0m] Reached target Remote File Systems.
         Starting LSB: daemon to balance interrupts for SMP systems...
         Starting LSB: automatic crash report generation...
         Starting LSB: Set the CPU Frequency Scaling governor to "ondemand"...
         Starting Permit User Sessions...
[[0;32m  OK  [0m] Started Permit User Sessions.
         Starting Hold until boot process finishes up...
         Starting Terminate Plymouth Boot Screen...[    8.380707] cloud-init[964]: The key fingerprint is:

[[0;32m  OK  [0m] Started Hold until boot process finishes up.
[[0;32m  OK  [0m] Started Getty on tty1.
[[0;32m  OK  [0m] Started Serial Getty on ttyS0.
[[0;32m  OK  [0m] Reached target Login Prompts.
         Starting Set console scheme...
[[0;32m  OK  [0m] Started Terminate Plymouth Boot Screen.
[[0;32m  OK  [0m] Started LSB: Set the CPU Frequency Scaling governor to "ondemand".
[[0;32m  OK  [0m] Started Set console scheme.
[    8.443078] [[0;32m  OK  [0m] Started LSB: MD monitoring daemon.
[[0;32m  OK  [0m] Started LSB: daemon to balance interrupts for SMP systems.
cloud-init[964]: SHA256:wiY2GVJEi2K3wDgGLLCIOEPW+XmoG1DaFefRQu5BOjU root@ubuntu-xenial
[    8.477802] cloud-init[964]: [[0;32m  OK  [0m] Started LSB: automatic crash report generation.
The key's randomart image is:
[    8.516305] cloud-init[964]: +---[RSA 2048]----+
[    8.530091] cloud-init[964]: |=o.o=.oE.        |         Starting Authenticate and Authorize Users to Run Privileged Tasks...

[    8.565727] cloud-init[964]: |@o * oB.o.       |[[0;32m  OK  [0m] Started LXD - container startup/shutdown.
[[0;32m  OK  [0m] Started Authenticate and Authorize Users to Run Privileged Tasks.
[[0;32m  OK  [0m] Started Accounts Service.

[    8.597505] cloud-init[964]: |%=*.=oo+.        |
[    8.605877] cloud-init[964]: |oBoo.Bo..        |
[    8.622415] cloud-init[964]: |  ..* =.S        |
[    8.646692] cloud-init[964]: |   + + .         |
[[0;32m  OK  [0m] Started Virtualbox guest utils.
[    8.663872] cloud-init[964]: |    o            |
[    8.683585] cloud-init[964]: |   .             |
[    8.693489] cloud-init[964]: |                 |
[    8.709449] cloud-init[964]: +----[SHA256]-----+
[    8.721618] cloud-init[964]: Generating public/private dsa key pair.
[    8.733825] cloud-init[964]: Your identification has been saved in /etc/ssh/ssh_host_dsa_key.
[    8.742180] cloud-init[964]: Your public key has been saved in /etc/ssh/ssh_host_dsa_key.pub.
[    8.750835] cloud-init[964]: The key fingerprint is:
[    8.763301] cloud-init[964]: SHA256:c/H5zmHX9PsmUs6vYsb7SzfzPJd7clkuij4tDYsk4wY root@ubuntu-xenial
[    8.781415] cloud-init[964]: The key's randomart image is:
[    8.799931] cloud-init[964]: +---[DSA 1024]----+
[    8.804965] cloud-init[964]: |                 |
[    8.814966] cloud-init[964]: |                 |
[    8.828477] cloud-init[964]: |          .      |
[    8.833211] cloud-init[964]: |           o .   |
[    8.839107] cloud-init[964]: [[0;32m  OK  [0m] Started Snap Daemon.
         Starting Wait until snapd is fully seeded...
|        S . o   .|
[    8.861280] cloud-init[964]: |    E o .o.  ...+|
[    8.864746] cloud-init[964]: |     o + . * +=+O|
[    8.875378] cloud-init[964]: |      o . +.O=*O@|
[    8.886851] cloud-init[964]: |     .   .o=o**%@|
[    8.911302] cloud-init[964]: +----[SHA256]-----+
[    8.914363] cloud-init[964]: Generating public/private ecdsa key pair.
[    8.918655] cloud-init[964]: Your identification has been saved in /etc/ssh/ssh_host_ecdsa_key.
[    8.923058] cloud-init[964]: Your public key has been saved in /etc/ssh/ssh_host_ecdsa_key.pub.
[    8.930126] cloud-init[964]: The key fingerprint is:
[    8.934573] cloud-init[964]: SHA256:4qSMdGJmBIKHZ8MuTeDR913E9ALcYM02tfv02d8ahfY root@ubuntu-xenial
[    8.941132] cloud-init[964]: The key's randomart image is:
[    8.950486] cloud-init[964]: +---[ECDSA 256]---+
[    8.955682] cloud-init[964]: |==.     .+Oo..   |
[    8.960658] cloud-init[964]: |=.O. .  ...O. .  |
[    8.968640] cloud-init[964]: | O... . . o..o   |
[    8.972458] cloud-init[964]: |..o    . .  . .. |
[    8.981984] cloud-init[964]: | .* . o S    .o..|
[    8.989040] cloud-init[964]: | = = + .     .oo+|
[    8.993725] cloud-init[964]: |  . o .       .oE|
[    9.002987] cloud-init[964]: |               .o|
[    9.007353] cloud-init[964]: |              ..o|
[    9.016650] cloud-init[964]: +----[SHA256]-----+
[    9.019981] cloud-init[964]: Generating public/private ed25519 key pair.
[    9.027043] cloud-init[964]: Your identification has been saved in /etc/ssh/ssh_host_ed25519_key.
[    9.034939] cloud-init[964]: Your public key has been saved in /etc/ssh/ssh_host_ed25519_key.pub.
[    9.043811] cloud-init[964]: The key fingerprint is:
[    9.047692] cloud-init[964]: SHA256:TBNMTRzNANTEh3fGaXS8L7AsouYjVYVbZE2mhtQd2lU root@ubuntu-xenial
[    9.058625] cloud-init[964]: The key's randomart image is:
[    9.065564] cloud-init[964]: +--[ED25519 256]--+
[    9.070155] cloud-init[964]: |       +*%BX++o+E|
[    9.078203] cloud-init[964]: |       .o+X=B.*..|
[    9.084960] cloud-init[964]: |        +++o.+  .|
[    9.089200] cloud-init[964]: |       ooo  .  . |
[    9.095911] cloud-init[964]: |       .S  . o  .|
[    9.102661] cloud-init[964]: |      . . . o . .|
[    9.107164] cloud-init[964]: |     . . . .   . |
[    9.118145] cloud-init[964]: |    . +          |
[    9.121212] cloud-init[964]: |     +..         |
[    9.126197] cloud-init[964]: +----[SHA256]-----+
[[0;32m  OK  [0m] Started Pollinate to seed the pseudo random number generator.
         Starting OpenBSD Secure Shell server...
[[0;32m  OK  [0m] Started OpenBSD Secure Shell server.
[[0;32m  OK  [0m] Started Wait until snapd is fully seeded.
[[0;32m  OK  [0m] Reached target Multi-User System.
[[0;32m  OK  [0m] Reached target Graphical Interface.
         Starting Update UTMP about System Runlevel Changes...
         Starting Apply the settings specified in cloud-config...
[[0;32m  OK  [0m] Started Update UTMP about System Runlevel Changes.
[[0;32m  OK  [0m] Created slice User Slice of vagrant.
         Starting User Manager for UID 1000...
[[0;32m  OK  [0m] Started Session 1 of user vagrant.
[[0;32m  OK  [0m] Started User Manager for UID 1000.
[   11.784769] cloud-init[1319]: Generating locales (this might take a while)...
[   12.946803] cloud-init[1319]:   en_US.UTF-8... done
[   12.952335] cloud-init[1319]: Generation complete.
[   13.263857] cloud-init[1319]: Cloud-init v. 21.1-19-gbad84ad4-0ubuntu1~16.04.2 running 'modules:config' at Wed, 11 Dec 2024 16:09:26 +0000. Up 11.65 seconds.
[[0;32m  OK  [0m] Started Apply the settings specified in cloud-config.
         Starting Execute cloud user/final scripts...
ci-info: no authorized SSH keys fingerprints found for user ubuntu.
<14>Dec 11 16:09:28 ec2: 
<14>Dec 11 16:09:28 ec2: #############################################################
<14>Dec 11 16:09:28 ec2: -----BEGIN SSH HOST KEY FINGERPRINTS-----
<14>Dec 11 16:09:28 ec2: 1024 SHA256:c/H5zmHX9PsmUs6vYsb7SzfzPJd7clkuij4tDYsk4wY root@ubuntu-xenial (DSA)
<14>Dec 11 16:09:28 ec2: 256 SHA256:4qSMdGJmBIKHZ8MuTeDR913E9ALcYM02tfv02d8ahfY root@ubuntu-xenial (ECDSA)
<14>Dec 11 16:09:28 ec2: 256 SHA256:TBNMTRzNANTEh3fGaXS8L7AsouYjVYVbZE2mhtQd2lU root@ubuntu-xenial (ED25519)
<14>Dec 11 16:09:28 ec2: 2048 SHA256:wiY2GVJEi2K3wDgGLLCIOEPW+XmoG1DaFefRQu5BOjU root@ubuntu-xenial (RSA)
<14>Dec 11 16:09:28 ec2: -----END SSH HOST KEY FINGERPRINTS-----
<14>Dec 11 16:09:28 ec2: #############################################################
-----BEGIN SSH HOST KEY KEYS-----
ecdsa-sha2-nistp256 AAAAE2VjZHNhLXNoYTItbmlzdHAyNTYAAAAIbmlzdHAyNTYAAABBBKJ4tWa9mPyU6zbK1FC1U6TLBCe6/Vv78u7+ESkempI0wlpsIHJ7G4JM811AjM5nn4tL5lNF999Aoc/jX3TvcXk= root@ubuntu-xenial
ssh-ed25519 AAAAC3NzaC1lZDI1NTE5AAAAIBmq8lGrbS+d0KUFhKyuFhEcels8DFPPPbWRzhvxr48M root@ubuntu-xenial
ssh-rsa AAAAB3NzaC1yc2EAAAADAQABAAABAQDB+y+1dR/9RqHDDtoU2rR4rLQgO3AxVQ2nJ3MYSS3Z9PJ0hr8hqF1LtTAJAuQmVmJP8uYhp0gpYZUDlTf2uLuLQ9ZxsyygPCMCPz7U4OzocNYeLSl7sFOjJhcnzYVOqd/6IcG7SKi/weuLH+yEvwDGrO3WpPiOEhpi9iYuy/HzIm4abCW7+Tyx+vNz72Xl47q4qq7VC4EZS4URf5dBos2p9puWZnyXAwnM+0nUeuITCPQo3gi7JejVaWxqn3WWpy9GQtSaPLpEErA2bAZd9chyJQRAQqPY6ig+nczhMlWmkNJa8J4v0/UgMqwU9GiXUW7oaeiX5d+fvDzIPxSxwFdl root@ubuntu-xenial
-----END SSH HOST KEY KEYS-----
[   13.727097] cloud-init[1478]: Cloud-init v. 21.1-19-gbad84ad4-0ubuntu1~16.04.2 running 'modules:final' at Wed, 11 Dec 2024 16:09:27 +0000. Up 13.59 seconds.
[   13.733921] cloud-init[1478]: ci-info: no authorized SSH keys fingerprints found for user ubuntu.
[   13.742075] cloud-init[1478]: Cloud-init v. 21.1-19-gbad84ad4-0ubuntu1~16.04.2 finished at Wed, 11 Dec 2024 16:09:28 +0000. Datasource DataSourceNoCloud [seed=/dev/sdb][dsmode=net].  Up 13.72 seconds

Ubuntu 16.04.7 LTS ubuntu-xenial ttyS0

ubuntu-xenial login: 